-99969 -51393
-99885 99577
-99819 -51204
-99233 45378
-98308 -19166
-98161 22226
-98430 97807
-98084 86066
-97521 40354
-97041 15775
-97182 61554
-97217 99999
-96689 -91870
-96750 -36654
-96190 85535
-95601 -62942
-95758 41151
-95838 90450
-95265 -63601
-94686 -82785
-94910 -71617
-95038 -47838
-94593 -96289
-94273 3330
-93950 55890
-92987 -28123
-93006 90543
-92897 -51777
-92164 18515
-91390 -21694
-91265 -6990
-90558 -66350
-90673 -40414
-90574 99439
-89947 -45214
-90254 -27902
-89713 29954
-89118 99103
-88715 -47406
-88884 -14142
-88673 5183
-88805 14469
-88654 75810
-88302 -89726
-87982 -90001
-88068 -83070
-87534 -93505
-87601 -80654
-86926 -71473
-86542 76738
-86382 -80718
-86142 67295
-85518 -66238
-84862 -1185
-84449 -48094
-84238 -56769
-83937 -37313
-84110 28111
-84017 79234
-83537 74754
-83150 -76769
-83118 10978
-82366 21330
-81921 4946
-81390 -24897
-81390 -5569
-80945 -19249
-80862 98290
-80622 -40798
-80670 40655
-80014 -63201
-80017 -49246
-80078 -29524
-79774 -24782
-79822 37695
-79422 21670
-79054 -44702
-77886 80203
-77313 -91809
-77153 -78414
-77086 93132
-76718 -93262
-76372 -68926
-76318 8002
-76161 49263
-75774 55554
-75486 -78814
-75569 60111
-74961 -99943
-74945 75186
-74878 81215
-74638 -2782
-73998 -59393
-74030 -29377
-74126 52156
-73982 99007
-73681 -10257
-73198 -88529
-73150 76879
-72865 -63790
-72737 45970
-72314 -94171
-71937 4370
-71937 27362
-71425 -73425
-71627 13842
-70990 4655
-70353 30370
-69742 -89582
-69377 -34993
-69198 78258
-69553 81890
-69374 95231
-68996 -54453
-69022 42466
-68398 -92286
-68558 -18049
-68126 -67969
-68033 -14158
-67710 -70273
-67678 36159
-66801 -31006
-66929 36623
-66494 -88728
-66513 81570
-65598 -91873
-65502 -49809
-65508 -31310
-63793 56402
-62942 -22110
-62302 -86177
-61835 -48961
-61873 97698
-61758 -73598
-61470 45343
-60689 -3649
-60225 27423
-59422 -100193
-59406 32530
-59587 36073
-59345 65122
-58958 -51985
-58846 53231
-58862 72239
-58619 -63681
-58654 -12289
-58750 -4190
-58110 -98382
-58049 -33566
-58238 -28734
-58273 52175
-57278 -58929
-56830 -62385
-57022 -52478
-56577 -99294
-55854 -77918
-55870 24770
-56126 43298
-55585 54223
-55441 62994
-55697 71551
-55102 -50846
-55185 -40334
-54302 -33505
-54225 -11617
-54094 69458
-53774 -94542
-53905 -47486
-53889 7970
-53854 88178
-53390 -81537
-53348 -55759
-52449 -69374
-52670 23666
-52270 -54078
-52238 -15889
-52238 45375
-51496 -71454
-51742 91442
-51294 66508
-50318 56479
-50017 -97294
-49307 23858
-49089 -79726
-49211 13698
-48564 -66094
-48382 73743
-47742 -76414
-47873 28370
-47230 10684
-47326 59087
-47310 92274
-46990 -89761
-46334 -50702
-46497 77951
-45889 6223
-45006 -20929
-45169 -1054
-45102 40882
-44209 39794
-43726 14898
-42689 1967
-41982 28207
-42046 100562
-41758 -93297
-41822 -85761
-41681 -41710
-41262 83250
-41425 87586
-41297 96498
-40846 -69310
-40929 87321
-40414 6693
-40539 47330
-40046 -65249
-40110 -45761
-40001 -14231
-39998 8066
-39534 -75089
-39647 -49509
-39390 31826
-38526 -85073
-38638 1151
-38210 -38209
-38177 498
-38302 68146
-37809 -96465
-37678 18866
-37950 50767
-37502 -18884
-36798 -79454
-36897 -23022
-36561 866
-36417 37842
-36721 77842
-36305 -78782
-36001 59791
-35873 -88222
-34638 -10302
-34724 20914
-34638 61506
-33006 34338
-32654 -54753
-32753 55202
-32193 -14046
-32046 14191
-31902 9778
-31742 13266
-31217 83218
-30977 -36910
-30849 70479
-31105 99039
-30673 59455
-30110 -71038
-29166 -74657
-28558 -61534
-28894 -17886
-28385 29010
-27745 87842
-27361 51250
-27630 65852
-27118 -40110
-26849 52610
-26545 42063
-25902 -89118
-25870 -72894
-25662 24914
-25489 -79665
-24881 -37838
-25006 98610
-24030 -38846
-23748 -72449
-23217 -96238
-23214 -20247
-22869 -28932
-22753 28623
-22446 -85953
-22286 -58862
-22305 37199
-22462 62079
-22257 67842
-22225 78658
-21915 -24430
-21422 -90590
-21521 -27886
-21607 -1313
-21185 -75710
-20894 -11870
-19998 -26942
-19963 -11310
-20059 90290
-19806 90815
-19313 -32110
-18958 -90225
-18699 98527
-18286 18191
-18465 28671
-17838 -78078
-17889 -11057
-18078 21471
-16878 -15866
-16529 37839
-16449 -61048
-16366 -55425
-16094 23218
-15425 -93281
-15345 86146
-14401 38578
-13470 3890
-13310 33967
-12606 10383
-12337 -98206
-12257 9775
-11966 25362
-11886 64447
-11822 72623
-11662 -62753
-11006 -93675
-11118 47874
-9620 -78862
-9886 -64318
-8734 56082
-8830 97759
-8606 -46209
-8334 -38210
-8526 67247
-8305 83663
-7310 44962
-6910 -99598
-6657 -78401
-6705 -58734
-6830 95039
-5790 -93201
-5809 -56750
-5777 43010
-5406 95506
-5025 45122
-4865 63807
-4654 -85457
-4398 -9726
-4145 -88657
-4097 -76622
-3377 -78753
-2926 -75022
-2670 -23550
-2865 -206
-2273 -73713
-2350 29026
-1934 -13131
-1998 236
-2145 19682
-2078 58511
-1438 -90798
-1278 -17470
-270 -79217
-177 69410
354 -15777
498 -3425
450 99234
1567 69698
1906 -60126
1980 15157
2450 -89790
2450 17599
2303 25183
2825 -12670
2786 -657
3068 -36062
3359 5279
3506 -32385
3887 55362
4620 -99438
4498 1138
5106 -87486
5439 -36622
5311 -24030
5503 -20945
5794 -55755
6418 -23655
7682 -76974
7631 18319
7679 64706
8002 -87646
9426 -29262
9410 4770
9506 1551
9583 48431
10063 -75454
10514 -7531
10463 79768
10815 -53262
11026 -48590
11250 93778
11967 -9169
11730 39903
12114 -39182
12197 71346
12399 82194
12421 93855
13122 14991
13919 3682
13913 97688
14450 -5566
14255 24498
14527 64690
14783 25903
15218 -34657
15474 4575
15618 -92846
15695 -64318
15720 -27438
16050 -78561
16014 37810
16751 -67214
17071 50111
17570 -62158
17330 -35972
17442 19970
17375 23135
17711 -61297
18066 -35201
17938 22149
17794 44658
17762 70655
18322 -30001
18434 100204
18850 -30161
18751 46021
19234 -78974
19282 18271
19874 39826
19970 54626
20363 33925
20463 50719
20898 58322
21330 -56561
21602 -48094
22393 -49803
22367 -15713
22082 28655
22527 -25262
22623 94866
23093 -46974
23170 2623
23503 -99585
23599 -20670
23602 15042
23327 70639
24284 -49678
24258 32098
24760 40274
24911 60127
24882 68940
24690 80882
25183 -96689
25087 -28417
25343 -11793
25586 -80276
25807 12559
25746 78351
26716 -3454
26655 3346
26466 78258
27119 -79262
26767 -48110
27263 -28353
27490 65423
27826 -18785
28210 -62878
28322 -20529
28287 19711
28162 85262
28530 14402
28511 97263
28956 -61486
29010 -16382
28994 27397
29426 -92846
29970 99807
30245 15728
30498 93026
30671 97935
31871 20418
32684 34674
33592 -56408
33554 -49438
33919 -45022
33826 -38849
34226 70002
34783 -58641
34658 -51620
34754 -30673
34879 6527
34706 100095
35090 -41844
36063 3186
36418 49791
37506 -5441
37410 4978
37506 37231
38146 -75278
38274 -33169
38098 -10926
38159 9938
38674 14607
38642 56658
38719 92066
39215 -7985
39071 64703
39564 -26462
40482 -45489
40479 32559
40447 88818
40892 -26942
40706 79551
40866 92994
41218 -55953
41218 -27377
41327 -22273
41199 -22033
41298 54622
41202 99339
41522 48956
41647 72594
42002 -68385
43122 -85537
42978 -63905
42978 34690
43218 -75060
43247 51234
43410 76114
43791 -74734
43871 2911
43778 46703
44559 -77902
44543 -46657
44690 8223
44594 36927
44815 61506
44962 -75774
45074 -55198
45170 -44254
44959 -27214
45826 10527
45999 59618
45887 79122
46287 -91777
46466 6706
46226 80354
47186 -72769
47205 -65323
47391 -34897
47762 89247
48610 -100110
48975 -28625
49138 28562
49394 61794
50002 -44606
49967 -15918
50130 16108
50194 20562
50114 27967
50178 87842
51298 -88494
51042 -11892
51746 9055
51490 28290
51631 88735
52130 -43905
52044 25506
52463 17730
52895 -29681
53042 -5054
52834 37359
53442 -39137
53234 34207
53330 76895
53730 42623
54258 -81982
54498 -79726
55202 72402
55554 -52638
55746 -50078
55954 -38094
55839 -24593
55903 71551
56338 96354
56495 97474
57090 47353
57730 -84049
57471 73042
57919 -11790
58050 24671
58178 96978
58834 -92811
58882 83938
59474 -77326
59487 -40497
59455 -38750
59730 -68654
59899 -44174
60530 -84209
60578 30994
61602 43871
61663 49762
61538 51938
62002 34610
62498 -57028
62434 -29646
62434 29682
62658 -59473
63135 -97873
63170 -87265
63090 71436
63522 -44829
63522 11330
63666 16735
63711 67250
63919 -67537
64511 -9198
65010 -60689
64943 -52161
65394 -87153
65506 42962
65839 -56737
66271 -12689
66274 28946
66098 73682
66754 -87518
67090 17330
67986 49029
68354 44543
69023 -34894
68783 62402
69388 -67630
69810 -37038
69695 34162
69730 58098
69567 87695
70143 63330
70674 11231
70751 78383
71183 97506
71490 -67150
71426 23762
71442 63266
71746 -93921
71826 -78414
72274 -92606
72498 100530
72735 -11425
72642 21666
72738 73471
72991 -16686
73314 75727
74175 -91102
74159 -45553
73820 95605
74418 -26350
74559 83023
74818 -58666
74946 -33617
74770 -849
74930 87391
75170 39455
75759 80511
76207 6146
76287 44690
76082 84338
76786 -98702
76591 -26110
76594 56450
76642 59858
77215 -18014
77375 76799
78687 -21678
79378 6962
79535 -83086
79698 74114
80050 78626
80815 27506
81538 -96353
82767 -98366
82639 12863
82671 19234
83298 -57185
83487 27554
84594 62879
84460 80802
85330 -74715
86482 -2094
86975 -32961
87471 -63470
87503 73682
87759 -91374
87858 -66817
88194 -21710
88731 -14363
89349 66146
89615 -2446
90178 -63758
90079 -14017
90623 54255
90703 -78462
91026 -41182
90783 -22238
91746 68978
92242 -23262
92050 29903
92562 -83780
92527 -70174
92626 -19086
92802 32396
92994 -91921
93266 19151
93423 93439
94047 -69214
93983 -57393
93775 30287
94063 39602
94050 72034
94191 -83134
94159 35186
94255 52786
94274 59695
95250 -68955
95068 -35726
96527 -37569
96434 40911
96959 -96046
96914 -21457
96770 88482
97215 -23870
97298 19698
97202 32514
97346 62383
97762 -77457
97958 -18510
98066 33503
98178 65551
98194 80479
98612 -38609
98530 466
98591 38751
98498 44623
99266 75935
100118 -44250
99826 40415
100114 99138
100467 15124
-99969 -51393
-99885 99577
-99819 -51204
-99233 45378
-98308 -19166
-98161 22226
-98430 97807
-98084 86066
-97521 40354
-97041 15775
-97182 61554
-97217 99999
-96689 -91870
-96750 -36654
-96190 85535
-95601 -62942
-95758 41151
-95838 90450
-95265 -63601
-94686 -82785
-94910 -71617
-95038 -47838
-94593 -96289
-94273 3330
-93950 55890
-92987 -28123
-93006 90543
-92897 -51777
-92164 18515
-91390 -21694
-91265 -6990
-90558 -66350
-90673 -40414
-90574 99439
-89947 -45214
-90254 -27902
-89713 29954
-89118 99103
-88715 -47406
-88884 -14142
-88673 5183
-88805 14469
-88654 75810
-88302 -89726
-87982 -90001
-88068 -83070
-87534 -93505
-87601 -80654
-86926 -71473
-86542 76738
-86382 -80718
-86142 67295
-85518 -66238
-84862 -1185
-84449 -48094
-84238 -56769
-83937 -37313
-84110 28111
-84017 79234
-83537 74754
-83150 -76769
-83118 10978
-82366 21330
-81921 4946
-81390 -24897
-81390 -5569
-80945 -19249
-80862 98290
-80622 -40798
-80670 40655
-80014 -63201
-80017 -49246
-80078 -29524
-79774 -24782
-79822 37695
-79422 21670
-79054 -44702
-77886 80203
-77313 -91809
-77153 -78414
-77086 93132
-76718 -93262
-76372 -68926
-76318 8002
-76161 49263
-75774 55554
-75486 -78814
-75569 60111
-74961 -99943
-74945 75186
-74878 81215
-74638 -2782
-73998 -59393
-74030 -29377
-74126 52156
-73982 99007
-73681 -10257
-73198 -88529
-73150 76879
-72865 -63790
-72737 45970
-72314 -94171
-71937 4370
-71937 27362
-71425 -73425
-71627 13842
-70990 4655
-70353 30370
-69742 -89582
-69377 -34993
-69198 78258
-69553 81890
-69374 95231
-68996 -54453
-69022 42466
-68398 -92286
-68558 -18049
-68126 -67969
-68033 -14158
-67710 -70273
-67678 36159
-66801 -31006
-66929 36623
-66494 -88728
-66513 81570
-65598 -91873
-65502 -49809
-65508 -31310
-63793 56402
-62942 -22110
-62302 -86177
-61835 -48961
-61873 97698
-61758 -73598
-61470 45343
-60689 -3649
-60225 27423
-59422 -100193
-59406 32530
-59587 36073
-59345 65122
-58958 -51985
-58846 53231
-58862 72239
-58619 -63681
-58654 -12289
-58750 -4190
-58110 -98382
-58049 -33566
-58238 -28734
-58273 52175
-57278 -58929
-56830 -62385
-57022 -52478
-56577 -99294
-55854 -77918
-55870 24770
-56126 43298
-55585 54223
-55441 62994
-55697 71551
-55102 -50846
-55185 -40334
-54302 -33505
-54225 -11617
-54094 69458
-53774 -94542
-53905 -47486
-53889 7970
-53854 88178
-53390 -81537
-53348 -55759
-52449 -69374
-52670 23666
-52270 -54078
-52238 -15889
-52238 45375
-51496 -71454
-51742 91442
-51294 66508
-50318 56479
-50017 -97294
-49307 23858
-49089 -79726
-49211 13698
-48564 -66094
-48382 73743
-47742 -76414
-47873 28370
-47230 10684
-47326 59087
-47310 92274
-46990 -89761
-46334 -50702
-46497 77951
-45889 6223
-45006 -20929
-45169 -1054
-45102 40882
-44209 39794
-43726 14898
-42689 1967
-41982 28207
-42046 100562
-41758 -93297
-41822 -85761
-41681 -41710
-41262 83250
-41425 87586
-41297 96498
-40846 -69310
-40929 87321
-40414 6693
-40539 47330
-40046 -65249
-40110 -45761
-40001 -14231
-39998 8066
-39534 -75089
-39647 -49509
-39390 31826
-38526 -85073
-38638 1151
-38210 -38209
-38177 498
-38302 68146
-37809 -96465
-37678 18866
-37950 50767
-37502 -18884
-36798 -79454
-36897 -23022
-36561 866
-36417 37842
-36721 77842
-36305 -78782
-36001 59791
-35873 -88222
-34638 -10302
-34724 20914
-34638 61506
-33006 34338
-32654 -54753
-32753 55202
-32193 -14046
-32046 14191
-31902 9778
-31742 13266
-31217 83218
-30977 -36910
-30849 70479
-31105 99039
-30673 59455
-30110 -71038
-29166 -74657
-28558 -61534
-28894 -17886
-28385 29010
-27745 87842
-27361 51250
-27630 65852
-27118 -40110
-26849 52610
-26545 42063
-25902 -89118
-25870 -72894
-25662 24914
-25489 -79665
-24881 -37838
-25006 98610
-24030 -38846
-23748 -72449
-23217 -96238
-23214 -20247
-22869 -28932
-22753 28623
-22446 -85953
-22286 -58862
-22305 37199
-22462 62079
-22257 67842
-22225 78658
-21915 -24430
-21422 -90590
-21521 -27886
-21607 -1313
-21185 -75710
-20894 -11870
-19998 -26942
-19963 -11310
-20059 90290
-19806 90815
-19313 -32110
-18958 -90225
-18699 98527
-18286 18191
-18465 28671
-17838 -78078
-17889 -11057
-18078 21471
-16878 -15866
-16529 37839
-16449 -61048
-16366 -55425
-16094 23218
-15425 -93281
-15345 86146
-14401 38578
-13470 3890
-13310 33967
-12606 10383
-12337 -98206
-12257 9775
-11966 25362
-11886 64447
-11822 72623
-11662 -62753
-11006 -93675
-11118 47874
-9620 -78862
-9886 -64318
-8734 56082
-8830 97759
-8606 -46209
-8334 -38210
-8526 67247
-8305 83663
-7310 44962
-6910 -99598
-6657 -78401
-6705 -58734
-6830 95039
-5790 -93201
-5809 -56750
-5777 43010
-5406 95506
-5025 45122
-4865 63807
-4654 -85457
-4398 -9726
-4145 -88657
-4097 -76622
-3377 -78753
-2926 -75022
-2670 -23550
-2865 -206
-2273 -73713
-2350 29026
-1934 -13131
-1998 236
-2145 19682
-2078 58511
-1438 -90798
-1278 -17470
-270 -79217
-177 69410
354 -15777
498 -3425
450 99234
1567 69698
1906 -60126
1980 15157
2450 -89790
2450 17599
2303 25183
2825 -12670
2786 -657
3068 -36062
3359 5279
3506 -32385
3887 55362
4620 -99438
4498 1138
5106 -87486
5439 -36622
5311 -24030
5503 -20945
5794 -55755
6418 -23655
7682 -76974
7631 18319
7679 64706
8002 -87646
9426 -29262
9410 4770
9506 1551
9583 48431
10063 -75454
10514 -7531
10463 79768
10815 -53262
11026 -48590
11250 93778
11967 -9169
11730 39903
12114 -39182
12197 71346
12399 82194
12421 93855
13122 14991
13919 3682
13913 97688
14450 -5566
14255 24498
14527 64690
14783 25903
15218 -34657
15474 4575
15618 -92846
15695 -64318
15720 -27438
16050 -78561
16014 37810
16751 -67214
17071 50111
17570 -62158
17330 -35972
17442 19970
17375 23135
17711 -61297
18066 -35201
17938 22149
17794 44658
17762 70655
18322 -30001
18434 100204
18850 -30161
18751 46021
19234 -78974
19282 18271
19874 39826
19970 54626
20363 33925
20463 50719
20898 58322
21330 -56561
21602 -48094
22393 -49803
22367 -15713
22082 28655
22527 -25262
22623 94866
23093 -46974
23170 2623
23503 -99585
23599 -20670
23602 15042
23327 70639
24284 -49678
24258 32098
24760 40274
24911 60127
24882 68940
24690 80882
25183 -96689
25087 -28417
25343 -11793
25586 -80276
25807 12559
25746 78351
26716 -3454
26655 3346
26466 78258
27119 -79262
26767 -48110
27263 -28353
27490 65423
27826 -18785
28210 -62878
28322 -20529
28287 19711
28162 85262
28530 14402
28511 97263
28956 -61486
29010 -16382
28994 27397
29426 -92846
29970 99807
30245 15728
30498 93026
30671 97935
31871 20418
32684 34674
33592 -56408
33554 -49438
33919 -45022
33826 -38849
34226 70002
34783 -58641
34658 -51620
34754 -30673
34879 6527
34706 100095
35090 -41844
36063 3186
36418 49791
37506 -5441
37410 4978
37506 37231
38146 -75278
38274 -33169
38098 -10926
38159 9938
38674 14607
38642 56658
38719 92066
39215 -7985
39071 64703
39564 -26462
40482 -45489
40479 32559
40447 88818
40892 -26942
40706 79551
40866 92994
41218 -55953
41218 -27377
41327 -22273
41199 -22033
41298 54622
41202 99339
41522 48956
41647 72594
42002 -68385
43122 -85537
42978 -63905
42978 34690
43218 -75060
43247 51234
43410 76114
43791 -74734
43871 2911
43778 46703
44559 -77902
44543 -46657
44690 8223
44594 36927
44815 61506
44962 -75774
45074 -55198
45170 -44254
44959 -27214
45826 10527
45999 59618
45887 79122
46287 -91777
46466 6706
46226 80354
47186 -72769
47205 -65323
47391 -34897
47762 89247
48610 -100110
48975 -28625
49138 28562
49394 61794
50002 -44606
49967 -15918
50130 16108
50194 20562
50114 27967
50178 87842
51298 -88494
51042 -11892
51746 9055
51490 28290
51631 88735
52130 -43905
52044 25506
52463 17730
52895 -29681
53042 -5054
52834 37359
53442 -39137
53234 34207
53330 76895
53730 42623
54258 -81982
54498 -79726
55202 72402
55554 -52638
55746 -50078
55954 -38094
55839 -24593
55903 71551
56338 96354
56495 97474
57090 47353
57730 -84049
57471 73042
57919 -11790
58050 24671
58178 96978
58834 -92811
58882 83938
59474 -77326
59487 -40497
59455 -38750
59730 -68654
59899 -44174
60530 -84209
60578 30994
61602 43871
61663 49762
61538 51938
62002 34610
62498 -57028
62434 -29646
62434 29682
62658 -59473
63135 -97873
63170 -87265
63090 71436
63522 -44829
63522 11330
63666 16735
63711 67250
63919 -67537
64511 -9198
65010 -60689
64943 -52161
65394 -87153
65506 42962
65839 -56737
66271 -12689
66274 28946
66098 73682
66754 -87518
67090 17330
67986 49029
68354 44543
69023 -34894
68783 62402
69388 -67630
69810 -37038
69695 34162
69730 58098
69567 87695
70143 63330
70674 11231
70751 78383
71183 97506
71490 -67150
71426 23762
71442 63266
71746 -93921
71826 -78414
72274 -92606
72498 100530
72735 -11425
72642 21666
72738 73471
72991 -16686
73314 75727
74175 -91102
74159 -45553
73820 95605
74418 -26350
74559 83023
74818 -58666
74946 -33617
74770 -849
74930 87391
75170 39455
75759 80511
76207 6146
76287 44690
76082 84338
76786 -98702
76591 -26110
76594 56450
76642 59858
77215 -18014
77375 76799
78687 -21678
79378 6962
79535 -83086
79698 74114
80050 78626
80815 27506
81538 -96353
82767 -98366
82639 12863
82671 19234
83298 -57185
83487 27554
84594 62879
84460 80802
85330 -74715
86482 -2094
86975 -32961
87471 -63470
87503 73682
87759 -91374
87858 -66817
88194 -21710
88731 -14363
89349 66146
89615 -2446
90178 -63758
90079 -14017
90623 54255
90703 -78462
91026 -41182
90783 -22238
91746 68978
92242 -23262
92050 29903
92562 -83780
92527 -70174
92626 -19086
92802 32396
92994 -91921
93266 19151
93423 93439
94047 -69214
93983 -57393
93775 30287
94063 39602
94050 72034
94191 -83134
94159 35186
94255 52786
94274 59695
95250 -68955
95068 -35726
96527 -37569
96434 40911
96959 -96046
96914 -21457
96770 88482
97215 -23870
97298 19698
97202 32514
97346 62383
97762 -77457
97958 -18510
98066 33503
98178 65551
98194 80479
98612 -38609
98530 466
98591 38751
98498 44623
99266 75935
100118 -44250
99826 40415
100114 99138
100467 15124
-4398 -9726
-2865 -206
-1998 236
498 -3425
2786 -657
3359 5279
4498 1138
9410 4770
9506 1551
10514 -7531
